<testsuites name="jest tests" tests="3" failures="0" time="1.026">
  <testsuite name="undefined" errors="0" failures="0" skipped="0" timestamp="2020-10-03T03:17:01" time="1.026" tests="3">
    <testcase classname=" Renders the correct number of page buttons" name=" Renders the correct number of page buttons" time="0.039">
    </testcase>
    <testcase classname=" Renders articles correctly on app did mount" name=" Renders articles correctly on app did mount" time="0.008">
    </testcase>
    <testcase classname=" Renders articles correctly after page button click" name=" Renders articles correctly after page button click" time="0.014">
    </testcase>
  </testsuite>
</testsuites>